[ETA ABS] Weighted fraction of black vertices: 0.500245
[STATS] Number of black CCs: 6
[STATS] Number of white CCs 5
[STATS] Number of black CCs conn to red: 3
[STATS] Number of white CCs conn to blue: 2
[STATS] Number of vertices: 10201
[STATS] Number of black vertices: 5103
[STATS] Number of white vertices: 5098
[ETA ABS] Fraction of black vertices: 0.500245
[ETA CT] Fraction of useful vertices - w/o islands: 0.168415
[ETA CT] Fraction of black vertices conn to red: 0.128552
[ETA CT] Fraction of white vertices conn to blue: 0.208317
[ETA DISS] Weighted fraction of black vertices in 10 distance to green: 0.576531
[ETA DISS] Number of green 1st order edges: 848
[STATS] Number of int edges with complementary paths: 0
[ETA CT] Fraction of interface with complementary paths to blue and red: 0
[STATS] Number of black int vertices with path to red: 145
[STATS] Number of white int vertices with path to blue: 202
[ETA CT] Fraction of black vertices with straight rising paths (t=1): 0.919207
[ETA CT] Fraction of white vertices with straight rising paths (t=1): 0.145009

 time check:
Reading done: +0.167992s
CC determined: +0.0474079s
ALL performance indicators computed: +0.126185s
----------------
total: 0.341586s
