[ETA ABS] Weighted fraction of black vertices: 0.499461
[STATS] Number of black CCs: 6
[STATS] Number of white CCs 6
[STATS] Number of black CCs conn to red: 3
[STATS] Number of white CCs conn to blue: 2
[STATS] Number of vertices: 10201
[STATS] Number of black vertices: 5095
[STATS] Number of white vertices: 5106
[ETA ABS] Fraction of black vertices: 0.499461
[ETA CT] Fraction of useful vertices - w/o islands: 0.130085
[ETA CT] Fraction of black vertices conn to red: 0.154073
[ETA CT] Fraction of white vertices conn to blue: 0.10615
[ETA DISS] Weighted fraction of black vertices in 10 distance to green: 0.712161
[ETA DISS] Number of green 1st order edges: 1280
[STATS] Number of int edges with complementary paths: 0
[ETA CT] Fraction of interface with complementary paths to blue and red: 0
[STATS] Number of black int vertices with path to red: 200
[STATS] Number of white int vertices with path to blue: 163
[ETA CT] Fraction of black vertices with straight rising paths (t=1): 0.816561
[ETA CT] Fraction of white vertices with straight rising paths (t=1): 0.289668

 time check:
Reading done: +0.175023s
CC determined: +0.0465999s
ALL performance indicators computed: +0.122107s
----------------
total: 0.34373s
