[ETA ABS] Weighted fraction of polymer vertices: 0.49505
[STATS] Number of polymer CCs: 1
[STATS] Number of fullerene CCs 2
[STATS] Number of polymer CCs conn to anode: 0
[STATS] Number of fullerene CCs conn to cathode: 1
[STATS] Number of vertices: 10201
[STATS] Number of polymer vertices: 5050
[STATS] Number of fullerene vertices: 5151
[ETA ABS] Fraction of polymer vertices: 0.49505
[ETA CT] Fraction of useful vertices - w/o islands: 0.0693069
[ETA CT] Fraction of polymer vertices conn to anode: 0
[ETA CT] Fraction of fullerene vertices conn to cathode: 0.137255
[ETA DISS] Weighted fraction of polymer vertices in 10 distance to interface: 0.19657
[ETA DISS] Number of interface 1st order edges: 202
[STATS] Number of int edges with complementary paths: 0
[ETA CT] Fraction of interface with complementary paths to cathode and anode: 0
[STATS] Number of polymer int vertices with path to anode: 0
[STATS] Number of fullerene int vertices with path to cathode: 101
[ETA CT] Fraction of polymer vertices with straight rising paths (t=1): -nan
[ETA CT] Fraction of fullerene vertices with straight rising paths (t=1): 1

 time check:
Reading done: +0.155907s
CC determined: +0.0484171s
ALL performance indicators computed: +0.107621s
----------------
total: 0.311945s
