[ETA ABS] Weighted fraction of polymer vertices: 0.501519
[STATS] Number of polymer CCs: 4
[STATS] Number of fullerene CCs 3
[STATS] Number of polymer CCs conn to anode: 2
[STATS] Number of fullerene CCs conn to cathode: 1
[STATS] Number of vertices: 10201
[STATS] Number of polymer vertices: 5116
[STATS] Number of fullerene vertices: 5085
[ETA ABS] Fraction of polymer vertices: 0.501519
[ETA CT] Fraction of useful vertices - w/o islands: 0.229977
[ETA CT] Fraction of polymer vertices conn to anode: 0.234754
[ETA CT] Fraction of fullerene vertices conn to cathode: 0.225172
[ETA DISS] Weighted fraction of polymer vertices in 10 distance to interface: 0.516877
[ETA DISS] Number of interface 1st order edges: 700
[STATS] Number of int edges with complementary paths: 0
[ETA CT] Fraction of interface with complementary paths to cathode and anode: 0
[STATS] Number of polymer int vertices with path to anode: 183
[STATS] Number of fullerene int vertices with path to cathode: 173
[ETA CT] Fraction of polymer vertices with straight rising paths (t=1): 0.648626
[ETA CT] Fraction of fullerene vertices with straight rising paths (t=1): 0.274236

 time check:
Reading done: +0.166755s
CC determined: +0.0467558s
ALL performance indicators computed: +0.132902s
----------------
total: 0.346413s
