[ETA ABS] Weighted fraction of polymer vertices: 0.497206
[STATS] Number of polymer CCs: 6
[STATS] Number of fullerene CCs 4
[STATS] Number of polymer CCs conn to anode: 3
[STATS] Number of fullerene CCs conn to cathode: 2
[STATS] Number of vertices: 10201
[STATS] Number of polymer vertices: 5072
[STATS] Number of fullerene vertices: 5129
[ETA ABS] Fraction of polymer vertices: 0.497206
[ETA CT] Fraction of useful vertices - w/o islands: 0.177041
[ETA CT] Fraction of polymer vertices conn to anode: 0.145505
[ETA CT] Fraction of fullerene vertices conn to cathode: 0.208228
[ETA DISS] Weighted fraction of polymer vertices in 10 distance to interface: 0.642422
[ETA DISS] Number of interface 1st order edges: 1048
[STATS] Number of int edges with complementary paths: 0
[ETA CT] Fraction of interface with complementary paths to cathode and anode: 0
[STATS] Number of polymer int vertices with path to anode: 178
[STATS] Number of fullerene int vertices with path to cathode: 239
[ETA CT] Fraction of polymer vertices with straight rising paths (t=1): 0.856369
[ETA CT] Fraction of fullerene vertices with straight rising paths (t=1): 0.122659

 time check:
Reading done: +0.1705s
CC determined: +0.0465782s
ALL performance indicators computed: +0.127158s
----------------
total: 0.344236s
