[ETA ABS] Weighted fraction of black vertices: 0.498481
[STATS] Number of black CCs: 8
[STATS] Number of white CCs 9
[STATS] Number of black CCs conn to red: 5
[STATS] Number of white CCs conn to blue: 4
[STATS] Number of vertices: 10201
[STATS] Number of black vertices: 5085
[STATS] Number of white vertices: 5116
[ETA ABS] Fraction of black vertices: 0.498481
[ETA CT] Fraction of useful vertices - w/o islands: 0.139496
[ETA CT] Fraction of black vertices conn to red: 0.159882
[ETA CT] Fraction of white vertices conn to blue: 0.119234
[ETA DISS] Weighted fraction of black vertices in 10 distance to green: 0.760706
[ETA DISS] Number of green 1st order edges: 1540
[STATS] Number of int edges with complementary paths: 0
[ETA CT] Fraction of interface with complementary paths to blue and red: 0
[STATS] Number of black int vertices with path to red: 244
[STATS] Number of white int vertices with path to blue: 205
[ETA CT] Fraction of black vertices with straight rising paths (t=1): 0.510455
[ETA CT] Fraction of white vertices with straight rising paths (t=1): 0.354098

 time check:
Reading done: +0.179905s
CC determined: +0.046602s
ALL performance indicators computed: +0.124803s
----------------
total: 0.351311s
