[ETA ABS] Weighted fraction of polymer vertices: 0.499461
[STATS] Number of polymer CCs: 6
[STATS] Number of fullerene CCs 6
[STATS] Number of polymer CCs conn to anode: 3
[STATS] Number of fullerene CCs conn to cathode: 2
[STATS] Number of vertices: 10201
[STATS] Number of polymer vertices: 5095
[STATS] Number of fullerene vertices: 5106
[ETA ABS] Fraction of polymer vertices: 0.499461
[ETA CT] Fraction of useful vertices - w/o islands: 0.130085
[ETA CT] Fraction of polymer vertices conn to anode: 0.154073
[ETA CT] Fraction of fullerene vertices conn to cathode: 0.10615
[ETA DISS] Weighted fraction of polymer vertices in 10 distance to interface: 0.712161
[ETA DISS] Number of interface 1st order edges: 1280
[STATS] Number of int edges with complementary paths: 0
[ETA CT] Fraction of interface with complementary paths to cathode and anode: 0
[STATS] Number of polymer int vertices with path to anode: 200
[STATS] Number of fullerene int vertices with path to cathode: 163
[ETA CT] Fraction of polymer vertices with straight rising paths (t=1): 0.816561
[ETA CT] Fraction of fullerene vertices with straight rising paths (t=1): 0.289668

 time check:
Reading done: +0.175023s
CC determined: +0.0465999s
ALL performance indicators computed: +0.122107s
----------------
total: 0.34373s
