[ETA ABS] Weighted fraction of polymer vertices: 0.500147
[STATS] Number of polymer CCs: 5
[STATS] Number of fullerene CCs 6
[STATS] Number of polymer CCs conn to anode: 3
[STATS] Number of fullerene CCs conn to cathode: 2
[STATS] Number of vertices: 10201
[STATS] Number of polymer vertices: 5102
[STATS] Number of fullerene vertices: 5099
[ETA ABS] Fraction of polymer vertices: 0.500147
[ETA CT] Fraction of useful vertices - w/o islands: 0.136163
[ETA CT] Fraction of polymer vertices conn to anode: 0.158761
[ETA CT] Fraction of fullerene vertices conn to cathode: 0.113552
[ETA DISS] Weighted fraction of polymer vertices in 10 distance to interface: 0.745992
[ETA DISS] Number of interface 1st order edges: 1464
[STATS] Number of int edges with complementary paths: 0
[ETA CT] Fraction of interface with complementary paths to cathode and anode: 0
[STATS] Number of polymer int vertices with path to anode: 232
[STATS] Number of fullerene int vertices with path to cathode: 190
[ETA CT] Fraction of polymer vertices with straight rising paths (t=1): 0.664198
[ETA CT] Fraction of fullerene vertices with straight rising paths (t=1): 0.317789

 time check:
Reading done: +0.177468s
CC determined: +0.046566s
ALL performance indicators computed: +0.124711s
----------------
total: 0.348746s
