[ETA ABS] Weighted fraction of black vertices: 0.49505
[STATS] Number of black CCs: 1
[STATS] Number of white CCs 2
[STATS] Number of black CCs conn to red: 0
[STATS] Number of white CCs conn to blue: 1
[STATS] Number of vertices: 10201
[STATS] Number of black vertices: 5050
[STATS] Number of white vertices: 5151
[ETA ABS] Fraction of black vertices: 0.49505
[ETA CT] Fraction of useful vertices - w/o islands: 0.0693069
[ETA CT] Fraction of black vertices conn to red: 0
[ETA CT] Fraction of white vertices conn to blue: 0.137255
[ETA DISS] Weighted fraction of black vertices in 10 distance to green: 0.19657
[ETA DISS] Number of green 1st order edges: 202
[STATS] Number of int edges with complementary paths: 0
[ETA CT] Fraction of interface with complementary paths to blue and red: 0
[STATS] Number of black int vertices with path to red: 0
[STATS] Number of white int vertices with path to blue: 101
[ETA CT] Fraction of black vertices with straight rising paths (t=1): -nan
[ETA CT] Fraction of white vertices with straight rising paths (t=1): 1

 time check:
Reading done: +0.155907s
CC determined: +0.0484171s
ALL performance indicators computed: +0.107621s
----------------
total: 0.311945s
