[ETA ABS] Weighted fraction of polymer vertices: 0.498481
[STATS] Number of polymer CCs: 8
[STATS] Number of fullerene CCs 9
[STATS] Number of polymer CCs conn to anode: 5
[STATS] Number of fullerene CCs conn to cathode: 4
[STATS] Number of vertices: 10201
[STATS] Number of polymer vertices: 5085
[STATS] Number of fullerene vertices: 5116
[ETA ABS] Fraction of polymer vertices: 0.498481
[ETA CT] Fraction of useful vertices - w/o islands: 0.139496
[ETA CT] Fraction of polymer vertices conn to anode: 0.159882
[ETA CT] Fraction of fullerene vertices conn to cathode: 0.119234
[ETA DISS] Weighted fraction of polymer vertices in 10 distance to interface: 0.760706
[ETA DISS] Number of interface 1st order edges: 1540
[STATS] Number of int edges with complementary paths: 0
[ETA CT] Fraction of interface with complementary paths to cathode and anode: 0
[STATS] Number of polymer int vertices with path to anode: 244
[STATS] Number of fullerene int vertices with path to cathode: 205
[ETA CT] Fraction of polymer vertices with straight rising paths (t=1): 0.510455
[ETA CT] Fraction of fullerene vertices with straight rising paths (t=1): 0.354098

 time check:
Reading done: +0.179905s
CC determined: +0.046602s
ALL performance indicators computed: +0.124803s
----------------
total: 0.351311s
