[ETA ABS] Weighted fraction of black vertices: 0.500147
[STATS] Number of black CCs: 5
[STATS] Number of white CCs 6
[STATS] Number of black CCs conn to red: 3
[STATS] Number of white CCs conn to blue: 2
[STATS] Number of vertices: 10201
[STATS] Number of black vertices: 5102
[STATS] Number of white vertices: 5099
[ETA ABS] Fraction of black vertices: 0.500147
[ETA CT] Fraction of useful vertices - w/o islands: 0.136163
[ETA CT] Fraction of black vertices conn to red: 0.158761
[ETA CT] Fraction of white vertices conn to blue: 0.113552
[ETA DISS] Weighted fraction of black vertices in 10 distance to green: 0.745992
[ETA DISS] Number of green 1st order edges: 1464
[STATS] Number of int edges with complementary paths: 0
[ETA CT] Fraction of interface with complementary paths to blue and red: 0
[STATS] Number of black int vertices with path to red: 232
[STATS] Number of white int vertices with path to blue: 190
[ETA CT] Fraction of black vertices with straight rising paths (t=1): 0.664198
[ETA CT] Fraction of white vertices with straight rising paths (t=1): 0.317789

 time check:
Reading done: +0.177468s
CC determined: +0.046566s
ALL performance indicators computed: +0.124711s
----------------
total: 0.348746s
