[ETA ABS] Weighted fraction of black vertices: 0.497402
[STATS] Number of black CCs: 10
[STATS] Number of white CCs 9
[STATS] Number of black CCs conn to red: 5
[STATS] Number of white CCs conn to blue: 3
[STATS] Number of vertices: 10201
[STATS] Number of black vertices: 5074
[STATS] Number of white vertices: 5127
[ETA ABS] Fraction of black vertices: 0.497402
[ETA CT] Fraction of useful vertices - w/o islands: 0.468385
[ETA CT] Fraction of black vertices conn to red: 0.662791
[ETA CT] Fraction of white vertices conn to blue: 0.27599
[ETA DISS] Weighted fraction of black vertices in 10 distance to green: 0.797328
[ETA DISS] Number of green 1st order edges: 1842
[STATS] Number of int edges with complementary paths: 262
[ETA CT] Fraction of interface with complementary paths to blue and red: 0.142237
[STATS] Number of black int vertices with path to red: 1188
[STATS] Number of white int vertices with path to blue: 552
[ETA CT] Fraction of black vertices with straight rising paths (t=1): 0.0779066
[ETA CT] Fraction of white vertices with straight rising paths (t=1): 0.15689

 time check:
Reading done: +0.202552s
CC determined: +0.0674751s
ALL performance indicators computed: +0.213367s
----------------
total: 0.483407s
