Tecplot 12.2.0.9077 Batch Log
Warning: Invalid or Missing tecplot.phy file.  Batch Operation may
not work correctly!
ACTION: LOADADDON
ACTION: LOADADDON
ACTION: LOADADDON
ACTION: LOADADDON
ACTION: LOADADDON
ACTION: LOADADDON
ACTION: LOADADDON
ACTION: LOADADDON
ACTION: LOADADDON
ACTION: LOADADDON
ACTION: LOADADDON
ACTION: LOADADDON
ACTION: LOADADDON
ACTION: LOADADDON
ACTION: LOADADDON
ACTION: LOADADDON
ACTION: LOADADDON
ACTION: LOADADDON
ACTION: LOADADDON
ACTION: LOADADDON
ACTION: LOADADDON
ACTION: LOADADDON
ACTION: LOADADDON
ACTION: LOADADDON
ACTION: LOADADDON
ACTION: LOADADDON
ACTION: LOADADDON
ACTION: LOADADDON
ACTION: LOADADDON
ACTION: READDATASET: "phasedataCH.0012.plt"
ACTION: CONTOURLEVELS: RESETTONICE
ACTION: REDRAWALL
ACTION: REDRAWALL
ACTION: COLORMAPCONTROL: CopyCanned
ACTION: COLORMAPCONTROL: RedistributeControlPoints
ACTION: REDRAWALL
ACTION: EXPORT
ACTION: QUIT
